============================================================
  Generated by:           Genus(TM) Synthesis Solution 18.14-s037_1
  Generated on:           Apr 14 2021  11:04:59 am
  Module:                 unary_binary_MAC
  Technology libraries:   asap7sc7p5t_AO_RVT_TT_ccs_191031 1.0
                          asap7sc7p5t_INVBUF_RVT_TT_ccs_191031 1.0
                          asap7sc7p5t_OA_RVT_TT_ccs_191031 1.0
                          asap7sc7p5t_SEQ_RVT_TT_ccs_191031 1.0
                          asap7sc7p5t_SIMPLE_RVT_TT_ccs_191031 1.0
                          physical_cells 
  Operating conditions:   PVT_0P7V_25C 
  Interconnect mode:      global
  Area mode:              physical library
============================================================

                             Leakage   Dynamic    Total   
      Instance        Cells Power(nW) Power(nW) Power(nW) 
----------------------------------------------------------
unary_binary_MAC         75    13.354  7811.631  7824.985 
  pa                     27     3.507  3556.701  3560.208 
    h3                    2     0.274   154.817   155.091 
    h2                    2     0.267   113.094   113.361 
    f6                    3     0.254   323.609   323.863 
    f5                    3     0.252   306.320   306.572 
    f7                    3     0.249   212.941   213.190 
    h1                    1     0.132    59.214    59.346 
  counter                13     2.162  1011.830  1013.992 
    RC_CG_HIER_INST1      1     0.322   153.916   154.238 
  RC_CG_HIER_INST0        1     0.320   226.620   226.940 

