============================================================
  Generated by:           Genus(TM) Synthesis Solution 18.14-s037_1
  Generated on:           Apr 14 2021  11:03:56 am
  Module:                 binary
  Operating conditions:   PVT_0P7V_25C 
  Interconnect mode:      global
  Area mode:              physical library
============================================================


Path 1: UNCONSTRAINED
     Startpoint: (F) b[0]
       Endpoint: (R) out[3]

                   Capture    Launch  
      Drv Adjust:+       0         0  
                                      
       Data Path:-     490            

#----------------------------------------------------------------------------------------------------
# Timing Point   Flags    Arc   Edge         Cell           Fanout Load Trans Delay Arrival Instance 
#                                                                  (fF)  (ps)  (ps)   (ps)  Location 
#----------------------------------------------------------------------------------------------------
  b[0]           -       -      F     (arrival)                  3  4.0     0     0       0    (-,-) 
  g693__2900/Y   -       A->Y   R     NAND2xp33_ASAP7_75t_R      2  3.5    97    46      46    (-,-) 
  g691/Y         -       A->Y   F     INVxp33_ASAP7_75t_R        1  1.8    57    49      96    (-,-) 
  g689__3772/Y   -       B->Y   R     NAND2xp33_ASAP7_75t_R      2  4.3   120    76     172    (-,-) 
  g2/SN          -       CI->SN F     FAx1_ASAP7_75t_R           2  2.8    81   110     282    (-,-) 
  g668__5703/Y   -       A->Y   R     NOR2xp33_ASAP7_75t_R       2  3.1    90    62     345    (-,-) 
  g665/Y         -       A->Y   F     INVxp33_ASAP7_75t_R        1  1.8    55    48     392    (-,-) 
  g661__6877/Y   -       A->Y   R     NAND2xp33_ASAP7_75t_R      1  2.5    78    55     448    (-,-) 
  g658__3772/Y   -       A->Y   R     XOR2xp5_ASAP7_75t_R        1  1.5    44    42     490    (-,-) 
  out[3]         -       -      R     (port)                     -    -     -     0     490    (-,-) 
#----------------------------------------------------------------------------------------------------

